2026-05-04 04:38:49 | INFO     | modelos._avaliacao_padrao | Avaliando VGG16[pretrained](grad-cam) com pesos de /home/alexmrtr/Pucpr/a-look-outside/projeto/pesos/vgg16/vgg16_sdss_raw_ep50_20260501_173036.pth
2026-05-04 04:39:12 | INFO     | modelos._avaliacao_padrao | Acurácia: 0.8838 | F1: 0.7600
2026-05-04 04:39:13 | INFO     | modelos._avaliacao_padrao | Resultados salvos em docs/vgg16
2026-05-04 04:39:22 | INFO     | modelos._avaliacao_padrao | Avaliando VGG16[pretrained](grad-cam) com pesos de /home/alexmrtr/Pucpr/a-look-outside/projeto/pesos/vgg16/vgg16_sdss_hibrido_ep50_20260502_221730.pth
2026-05-04 04:40:18 | INFO     | modelos._avaliacao_padrao | Acurácia: 0.9679 | F1: 0.9677
2026-05-04 04:40:18 | INFO     | modelos._avaliacao_padrao | Resultados salvos em docs/vgg16
2026-05-04 04:40:47 | INFO     | modelos._avaliacao_padrao | Avaliando VGG16[pretrained](grad-cam) com pesos de /home/alexmrtr/Pucpr/a-look-outside/projeto/pesos/vgg16/vgg16_decals_raw_ep50_20260504_000207.pth
2026-05-04 04:41:08 | INFO     | modelos._avaliacao_padrao | Acurácia: 0.8512 | F1: 0.8268
2026-05-04 04:41:08 | INFO     | modelos._avaliacao_padrao | Resultados salvos em docs/vgg16
2026-05-04 04:41:55 | INFO     | modelos._avaliacao_padrao | Avaliando VGG16[pretrained](grad-cam) com pesos de /home/alexmrtr/Pucpr/a-look-outside/projeto/pesos/vgg16/vgg16_fusao_raw_ep50_20260504_013732.pth
2026-05-04 04:42:32 | INFO     | modelos._avaliacao_padrao | Acurácia: 0.8689 | F1: 0.8592
2026-05-04 04:42:32 | INFO     | modelos._avaliacao_padrao | Resultados salvos em docs/vgg16
2026-05-04 04:43:16 | INFO     | modelos._avaliacao_padrao | Avaliando VGG16[pretrained](grad-cam) com pesos de /home/alexmrtr/Pucpr/a-look-outside/projeto/pesos/vgg16/vgg16_fusao_raw_ep50_20260504_013732.pth
2026-05-04 04:43:53 | INFO     | modelos._avaliacao_padrao | Acurácia: 0.8689 | F1: 0.8592
2026-05-04 04:43:54 | INFO     | modelos._avaliacao_padrao | Resultados salvos em docs/vgg16
2026-05-04 04:44:20 | INFO     | modelos._avaliacao_padrao | Avaliando VGG16[pretrained](grad-cam) com pesos de /home/alexmrtr/Pucpr/a-look-outside/projeto/pesos/vgg16/vgg16_sdss_raw_ep50_20260501_173036.pth
2026-05-04 04:45:59 | INFO     | modelos._avaliacao_padrao | Acurácia: 0.0520 | F1: 0.0377
2026-05-04 04:45:59 | INFO     | modelos._avaliacao_padrao | Resultados salvos em docs/vgg16
2026-05-04 04:46:42 | INFO     | modelos._avaliacao_padrao | Avaliando VGG16[pretrained](grad-cam) com pesos de /home/alexmrtr/Pucpr/a-look-outside/projeto/pesos/vgg16/vgg16_sdss_raw_ep50_20260501_173036.pth
2026-05-04 04:50:27 | INFO     | modelos._avaliacao_padrao | Acurácia: 0.5471 | F1: 0.4100
2026-05-04 04:50:28 | INFO     | modelos._avaliacao_padrao | Resultados salvos em docs/vgg16
2026-05-04 04:50:56 | INFO     | modelos._avaliacao_padrao | Avaliando VGG16[pretrained](grad-cam) com pesos de /home/alexmrtr/Pucpr/a-look-outside/projeto/pesos/vgg16/vgg16_sdss_hibrido_ep50_20260502_221730.pth
2026-05-04 04:52:34 | INFO     | modelos._avaliacao_padrao | Acurácia: 0.0843 | F1: 0.0583
2026-05-04 04:52:35 | INFO     | modelos._avaliacao_padrao | Resultados salvos em docs/vgg16
2026-05-04 04:53:19 | INFO     | modelos._avaliacao_padrao | Avaliando VGG16[pretrained](grad-cam) com pesos de /home/alexmrtr/Pucpr/a-look-outside/projeto/pesos/vgg16/vgg16_sdss_hibrido_ep50_20260502_221730.pth
2026-05-04 04:57:24 | INFO     | modelos._avaliacao_padrao | Acurácia: 0.5744 | F1: 0.4348
2026-05-04 04:57:25 | INFO     | modelos._avaliacao_padrao | Resultados salvos em docs/vgg16
2026-05-04 04:57:29 | INFO     | modelos._avaliacao_padrao | Avaliando VGG16[pretrained](grad-cam) com pesos de /home/alexmrtr/Pucpr/a-look-outside/projeto/pesos/vgg16/vgg16_decals_raw_ep50_20260504_000207.pth
2026-05-04 04:59:19 | INFO     | modelos._avaliacao_padrao | Acurácia: 0.0638 | F1: 0.0418
2026-05-04 04:59:19 | INFO     | modelos._avaliacao_padrao | Resultados salvos em docs/vgg16
2026-05-04 05:00:04 | INFO     | modelos._avaliacao_padrao | Avaliando VGG16[pretrained](grad-cam) com pesos de /home/alexmrtr/Pucpr/a-look-outside/projeto/pesos/vgg16/vgg16_decals_raw_ep50_20260504_000207.pth
2026-05-04 05:03:43 | INFO     | modelos._avaliacao_padrao | Acurácia: 0.4459 | F1: 0.5036
2026-05-04 05:03:44 | INFO     | modelos._avaliacao_padrao | Resultados salvos em docs/vgg16
2026-05-04 05:03:48 | INFO     | modelos._avaliacao_padrao | Avaliando VGG16[pretrained](grad-cam) com pesos de /home/alexmrtr/Pucpr/a-look-outside/projeto/pesos/vgg16/vgg16_fusao_raw_ep50_20260504_013732.pth
2026-05-04 05:05:38 | INFO     | modelos._avaliacao_padrao | Acurácia: 0.9162 | F1: 0.8021
2026-05-04 05:05:39 | INFO     | modelos._avaliacao_padrao | Resultados salvos em docs/vgg16
2026-05-04 05:06:06 | INFO     | modelos._avaliacao_padrao | Avaliando VGG16[pretrained](grad-cam) com pesos de /home/alexmrtr/Pucpr/a-look-outside/projeto/pesos/vgg16/vgg16_fusao_raw_ep50_20260504_013732.pth
2026-05-04 05:07:44 | INFO     | modelos._avaliacao_padrao | Acurácia: 0.9071 | F1: 0.8880
2026-05-04 05:07:45 | INFO     | modelos._avaliacao_padrao | Resultados salvos em docs/vgg16
2026-05-04 05:07:48 | INFO     | modelos._avaliacao_padrao | Avaliando VGG16[pretrained](grad-cam) com pesos de /home/alexmrtr/Pucpr/a-look-outside/projeto/pesos/vgg16/vgg16_fusao_raw_ep50_20260504_013732.pth
2026-05-04 05:09:37 | INFO     | modelos._avaliacao_padrao | Acurácia: 0.9162 | F1: 0.8021
2026-05-04 05:09:38 | INFO     | modelos._avaliacao_padrao | Resultados salvos em docs/vgg16
2026-05-04 05:10:04 | INFO     | modelos._avaliacao_padrao | Avaliando VGG16[pretrained](grad-cam) com pesos de /home/alexmrtr/Pucpr/a-look-outside/projeto/pesos/vgg16/vgg16_fusao_raw_ep50_20260504_013732.pth
2026-05-04 05:11:41 | INFO     | modelos._avaliacao_padrao | Acurácia: 0.9071 | F1: 0.8880
2026-05-04 05:11:41 | INFO     | modelos._avaliacao_padrao | Resultados salvos em docs/vgg16
2026-05-04 05:11:50 | INFO     | modelos._avaliacao_padrao | Avaliando VGG16[pretrained](grad-cam) com pesos de /home/alexmrtr/Pucpr/a-look-outside/projeto/pesos/vgg16/vgg16_sdss_raw_ep50_20260501_173036.pth
2026-05-04 05:12:13 | INFO     | modelos._avaliacao_padrao | Acurácia: 0.8838 | F1: 0.7600
2026-05-04 05:12:14 | INFO     | modelos._avaliacao_padrao | Resultados salvos em docs/vgg16
2026-05-04 05:12:23 | INFO     | modelos._avaliacao_padrao | Avaliando VGG16[pretrained](grad-cam) com pesos de /home/alexmrtr/Pucpr/a-look-outside/projeto/pesos/vgg16/vgg16_sdss_hibrido_ep50_20260502_221730.pth
2026-05-04 05:13:19 | INFO     | modelos._avaliacao_padrao | Acurácia: 0.9679 | F1: 0.9677
2026-05-04 05:13:19 | INFO     | modelos._avaliacao_padrao | Resultados salvos em docs/vgg16
2026-05-04 05:13:46 | INFO     | modelos._avaliacao_padrao | Avaliando VGG16[pretrained](grad-cam) com pesos de /home/alexmrtr/Pucpr/a-look-outside/projeto/pesos/vgg16/vgg16_decals_raw_ep50_20260504_000207.pth
2026-05-04 05:14:07 | INFO     | modelos._avaliacao_padrao | Acurácia: 0.8512 | F1: 0.8268
2026-05-04 05:14:07 | INFO     | modelos._avaliacao_padrao | Resultados salvos em docs/vgg16
2026-05-04 05:14:52 | INFO     | modelos._avaliacao_padrao | Avaliando VGG16[pretrained](grad-cam) com pesos de /home/alexmrtr/Pucpr/a-look-outside/projeto/pesos/vgg16/vgg16_fusao_raw_ep50_20260504_013732.pth
2026-05-04 05:15:29 | INFO     | modelos._avaliacao_padrao | Acurácia: 0.8689 | F1: 0.8592
2026-05-04 05:15:30 | INFO     | modelos._avaliacao_padrao | Resultados salvos em docs/vgg16
2026-05-04 05:16:13 | INFO     | modelos._avaliacao_padrao | Avaliando VGG16[pretrained](grad-cam) com pesos de /home/alexmrtr/Pucpr/a-look-outside/projeto/pesos/vgg16/vgg16_fusao_raw_ep50_20260504_013732.pth
2026-05-04 05:16:50 | INFO     | modelos._avaliacao_padrao | Acurácia: 0.8689 | F1: 0.8592
2026-05-04 05:16:50 | INFO     | modelos._avaliacao_padrao | Resultados salvos em docs/vgg16
2026-05-04 05:17:16 | INFO     | modelos._avaliacao_padrao | Avaliando VGG16[pretrained](grad-cam) com pesos de /home/alexmrtr/Pucpr/a-look-outside/projeto/pesos/vgg16/vgg16_sdss_raw_ep50_20260501_173036.pth
2026-05-04 05:18:54 | INFO     | modelos._avaliacao_padrao | Acurácia: 0.0520 | F1: 0.0377
2026-05-04 05:18:54 | INFO     | modelos._avaliacao_padrao | Resultados salvos em docs/vgg16
2026-05-04 05:19:37 | INFO     | modelos._avaliacao_padrao | Avaliando VGG16[pretrained](grad-cam) com pesos de /home/alexmrtr/Pucpr/a-look-outside/projeto/pesos/vgg16/vgg16_sdss_raw_ep50_20260501_173036.pth
2026-05-04 05:23:22 | INFO     | modelos._avaliacao_padrao | Acurácia: 0.5471 | F1: 0.4100
2026-05-04 05:23:22 | INFO     | modelos._avaliacao_padrao | Resultados salvos em docs/vgg16
2026-05-04 05:23:51 | INFO     | modelos._avaliacao_padrao | Avaliando VGG16[pretrained](grad-cam) com pesos de /home/alexmrtr/Pucpr/a-look-outside/projeto/pesos/vgg16/vgg16_sdss_hibrido_ep50_20260502_221730.pth
2026-05-04 05:25:28 | INFO     | modelos._avaliacao_padrao | Acurácia: 0.0843 | F1: 0.0583
2026-05-04 05:25:29 | INFO     | modelos._avaliacao_padrao | Resultados salvos em docs/vgg16
2026-05-04 05:26:14 | INFO     | modelos._avaliacao_padrao | Avaliando VGG16[pretrained](grad-cam) com pesos de /home/alexmrtr/Pucpr/a-look-outside/projeto/pesos/vgg16/vgg16_sdss_hibrido_ep50_20260502_221730.pth
2026-05-04 05:29:52 | INFO     | modelos._avaliacao_padrao | Acurácia: 0.5744 | F1: 0.4348
2026-05-04 05:29:52 | INFO     | modelos._avaliacao_padrao | Resultados salvos em docs/vgg16
2026-05-04 05:29:57 | INFO     | modelos._avaliacao_padrao | Avaliando VGG16[pretrained](grad-cam) com pesos de /home/alexmrtr/Pucpr/a-look-outside/projeto/pesos/vgg16/vgg16_decals_raw_ep50_20260504_000207.pth
2026-05-04 05:31:46 | INFO     | modelos._avaliacao_padrao | Acurácia: 0.0638 | F1: 0.0418
2026-05-04 05:31:47 | INFO     | modelos._avaliacao_padrao | Resultados salvos em docs/vgg16
2026-05-04 05:32:32 | INFO     | modelos._avaliacao_padrao | Avaliando VGG16[pretrained](grad-cam) com pesos de /home/alexmrtr/Pucpr/a-look-outside/projeto/pesos/vgg16/vgg16_decals_raw_ep50_20260504_000207.pth
2026-05-04 05:36:11 | INFO     | modelos._avaliacao_padrao | Acurácia: 0.4459 | F1: 0.5036
2026-05-04 05:36:12 | INFO     | modelos._avaliacao_padrao | Resultados salvos em docs/vgg16
2026-05-04 05:36:16 | INFO     | modelos._avaliacao_padrao | Avaliando VGG16[pretrained](grad-cam) com pesos de /home/alexmrtr/Pucpr/a-look-outside/projeto/pesos/vgg16/vgg16_fusao_raw_ep50_20260504_013732.pth
2026-05-04 05:38:05 | INFO     | modelos._avaliacao_padrao | Acurácia: 0.9162 | F1: 0.8021
2026-05-04 05:38:06 | INFO     | modelos._avaliacao_padrao | Resultados salvos em docs/vgg16
2026-05-04 05:38:33 | INFO     | modelos._avaliacao_padrao | Avaliando VGG16[pretrained](grad-cam) com pesos de /home/alexmrtr/Pucpr/a-look-outside/projeto/pesos/vgg16/vgg16_fusao_raw_ep50_20260504_013732.pth
2026-05-04 05:40:10 | INFO     | modelos._avaliacao_padrao | Acurácia: 0.9071 | F1: 0.8880
2026-05-04 05:40:11 | INFO     | modelos._avaliacao_padrao | Resultados salvos em docs/vgg16
2026-05-04 05:40:14 | INFO     | modelos._avaliacao_padrao | Avaliando VGG16[pretrained](grad-cam) com pesos de /home/alexmrtr/Pucpr/a-look-outside/projeto/pesos/vgg16/vgg16_fusao_raw_ep50_20260504_013732.pth
2026-05-04 05:42:03 | INFO     | modelos._avaliacao_padrao | Acurácia: 0.9162 | F1: 0.8021
2026-05-04 05:42:04 | INFO     | modelos._avaliacao_padrao | Resultados salvos em docs/vgg16
2026-05-04 05:42:30 | INFO     | modelos._avaliacao_padrao | Avaliando VGG16[pretrained](grad-cam) com pesos de /home/alexmrtr/Pucpr/a-look-outside/projeto/pesos/vgg16/vgg16_fusao_raw_ep50_20260504_013732.pth
2026-05-04 05:44:07 | INFO     | modelos._avaliacao_padrao | Acurácia: 0.9071 | F1: 0.8880
2026-05-04 05:44:08 | INFO     | modelos._avaliacao_padrao | Resultados salvos em docs/vgg16
